app/build/outputs/logs/manifest-merger-debug-report.txt
-- Merging decision tree log ---
manifest
ADDED from src\main\AndroidManifest.xml:2:1-74:12
	package
		ADDED from src\main\AndroidManifest.xml:3:5-28
		INJECTED from src\main\AndroidManifest.xml
		INJECTED from src\main\AndroidManifest.xml
	android:versionName
		ADDED from src\main\AndroidManifest.xml:5:5-30
	android:versionCode
		ADDED from src\main\AndroidManifest.xml:4:5-28
		INJECTED from src\main\AndroidManifest.xml
		INJECTED from src\main\AndroidManifest.xml
	xmlns:android
		ADDED from src\main\AndroidManifest.xml:2:11-69
uses-sdk
ADDED from src\main\AndroidManifest.xml:7:5-9:41
	android:targetSdkVersion
		ADDED from src\main\AndroidManifest.xml:9:9-38
		INJECTED from src\main\AndroidManifest.xml
		INJECTED from src\main\AndroidManifest.xml
	android:minSdkVersion
		ADDED from src\main\AndroidManifest.xml:8:9-35
		INJECTED from src\main\AndroidManifest.xml
		INJECTED from src\main\AndroidManifest.xml
uses-permission#android.permission.CAMERA
ADDED from src\main\AndroidManifest.xml:10:2-62
	android:name
		ADDED from src\main\AndroidManifest.xml:10:19-59
uses-permission#android.permission.WRITE_EXTERNAL_STORAGE
ADDED from src\main\AndroidManifest.xml:11:2-78
	android:name
		ADDED from src\main\AndroidManifest.xml:11:19-75
uses-permission#android.permission.INTERNET
ADDED from src\main\AndroidManifest.xml:12:2-80
	android:name
		ADDED from src\main\AndroidManifest.xml:12:19-61
uses-permission#android.permission.ACCESS_NETWORK_STATE
ADDED from src\main\AndroidManifest.xml:13:2-92
	android:name
		ADDED from src\main\AndroidManifest.xml:13:19-73
uses-permission#android.permission.ACCESS_FINE_LOCATION
ADDED from src\main\AndroidManifest.xml:14:2-76
	android:name
		ADDED from src\main\AndroidManifest.xml:14:19-73
uses-feature#android.hardware.camera
ADDED from src\main\AndroidManifest.xml:15:2-57
	android:name
		ADDED from src\main\AndroidManifest.xml:15:16-54
application
ADDED from src\main\AndroidManifest.xml:17:5-72:19
	android:label
		ADDED from src\main\AndroidManifest.xml:20:9-41
	android:allowBackup
		ADDED from src\main\AndroidManifest.xml:18:9-35
	android:icon
		ADDED from src\main\AndroidManifest.xml:19:9-45
	android:theme
		ADDED from src\main\AndroidManifest.xml:21:9-40
activity#com.patahouse.MainActivity
ADDED from src\main\AndroidManifest.xml:22:9-30:20
	android:label
		ADDED from src\main\AndroidManifest.xml:24:13-45
	android:name
		ADDED from src\main\AndroidManifest.xml:23:13-54
intent-filter#android.intent.action.MAIN+android.intent.category.LAUNCHER
ADDED from src\main\AndroidManifest.xml:25:13-29:29
action#android.intent.action.MAIN
ADDED from src\main\AndroidManifest.xml:26:17-69
	android:name
		ADDED from src\main\AndroidManifest.xml:26:25-66
category#android.intent.category.LAUNCHER
ADDED from src\main\AndroidManifest.xml:28:17-77
	android:name
		ADDED from src\main\AndroidManifest.xml:28:27-74
activity#com.patahouse.BuildingRegistration
ADDED from src\main\AndroidManifest.xml:31:9-36:20
	android:name
		ADDED from src\main\AndroidManifest.xml:31:19-54
action#android.intent.action.BUILDINGREGISTRATIONACTIVITY
ADDED from src\main\AndroidManifest.xml:33:13-89
	android:name
		ADDED from src\main\AndroidManifest.xml:33:21-86
category#android.intent.category.DEFAULT
ADDED from src\main\AndroidManifest.xml:35:17-76
	android:name
		ADDED from src\main\AndroidManifest.xml:35:27-73
activity#com.patahouse.BuildingUpdate
ADDED from src\main\AndroidManifest.xml:37:9-41:20
	android:name
		ADDED from src\main\AndroidManifest.xml:37:19-48
action#android.intent.action.BUILDINGUPDATEACTIVITY
ADDED from src\main\AndroidManifest.xml:38:13-83
	android:name
		ADDED from src\main\AndroidManifest.xml:38:21-80
activity#com.patahouse.RoomRegistration
ADDED from src\main\AndroidManifest.xml:42:9-46:20
	android:name
		ADDED from src\main\AndroidManifest.xml:42:19-50
action#android.intent.action.ROOMREGISTRATIONACTIVITY
ADDED from src\main\AndroidManifest.xml:43:13-85
	android:name
		ADDED from src\main\AndroidManifest.xml:43:21-82
activity#com.patahouse.RoomUpdate
ADDED from src\main\AndroidManifest.xml:47:9-51:20
	android:name
		ADDED from src\main\AndroidManifest.xml:47:19-44
action#android.intent.action.ROOMUPDATEACTIVITY
ADDED from src\main\AndroidManifest.xml:48:13-79
	android:name
		ADDED from src\main\AndroidManifest.xml:48:21-76
activity#com.patahouse.RegisteredHouses
ADDED from src\main\AndroidManifest.xml:52:9-56:20
	android:name
		ADDED from src\main\AndroidManifest.xml:52:19-50
action#android.intent.action.REGISTEREDHOUSESACTIVITY
ADDED from src\main\AndroidManifest.xml:53:13-85
	android:name
		ADDED from src\main\AndroidManifest.xml:53:21-82
activity#com.patahouse.AreaCoverage
ADDED from src\main\AndroidManifest.xml:57:9-61:20
	android:name
		ADDED from src\main\AndroidManifest.xml:57:19-46
action#android.intent.action.AREACOVERAGEACTIVITY
ADDED from src\main\AndroidManifest.xml:58:13-81
	android:name
		ADDED from src\main\AndroidManifest.xml:58:21-78
activity#com.patahouse.RegistrationExtras
ADDED from src\main\AndroidManifest.xml:63:9-69:20
	android:name
		ADDED from src\main\AndroidManifest.xml:63:20-53
intent-filter#android.intent.action.REGISTRATIONEXTRAS+android.intent.category.DEFAULT
ADDED from src\main\AndroidManifest.xml:64:13-68:29
action#android.intent.action.REGISTRATIONEXTRAS
ADDED from src\main\AndroidManifest.xml:65:17-83
	android:name
		ADDED from src\main\AndroidManifest.xml:65:25-80
activity#com.patahouse.NetworkHelpTest
ADDED from src\main\AndroidManifest.xml:70:9-61
	android:name
		ADDED from src\main\AndroidManifest.xml:70:19-49
service#com.patahouse.GPSLocation
ADDED from src\main\AndroidManifest.xml:71:9-55
	android:name
		ADDED from src\main\AndroidManifest.xml:71:18-44